The system is: Linux - 5.10.102.1-microsoft-standard-WSL2 - x86_64
Compiling the C compiler identification source file "CMakeCCompilerId.c" succeeded.
Compiler: /usr/bin/cc 
Build flags: 
Id flags:  

The output was:
0


Compilation of the C compiler identification source "CMakeCCompilerId.c" produced "a.out"

The C compiler identification is GNU, found in "/home/kuzmaline/Quantum/QComputations/single/CMakeFiles/3.22.1/CompilerIdC/a.out"

Compiling the CXX compiler identification source file "CMakeCXXCompilerId.cpp" succeeded.
Compiler: /opt/intel/oneapi/compiler/2024.0/bin/icpx 
Build flags: 
Id flags:  

The output was:
0


Compilation of the CXX compiler identification source "CMakeCXXCompilerId.cpp" produced "a.out"

The CXX compiler identification is IntelLLVM, found in "/home/kuzmaline/Quantum/QComputations/single/CMakeFiles/3.22.1/CompilerIdCXX/a.out"

Detecting C compiler ABI info compiled with the following output:
Change Dir: /home/kuzmaline/Quantum/QComputations/single/CMakeFiles/CMakeTmp

Run Build Command(s):/usr/bin/gmake -f Makefile cmTC_9d575/fast && /usr/bin/gmake  -f CMakeFiles/cmTC_9d575.dir/build.make CMakeFiles/cmTC_9d575.dir/build
gmake[1]: Entering directory '/home/kuzmaline/Quantum/QComputations/single/CMakeFiles/CMakeTmp'
Building C object CMakeFiles/cmTC_9d575.dir/CMakeCCompilerABI.c.o
/usr/bin/cc   -v -o CMakeFiles/cmTC_9d575.dir/CMakeCCompilerABI.c.o -c /usr/share/cmake-3.22/Modules/CMakeCCompilerABI.c
Using built-in specs.
COLLECT_GCC=/usr/bin/cc
OFFLOAD_TARGET_NAMES=nvptx-none:amdgcn-amdhsa
OFFLOAD_TARGET_DEFAULT=1
Target: x86_64-linux-gnu
Configured with: ../src/configure -v --with-pkgversion='Ubuntu 12.3.0-1ubuntu1~22.04' --with-bugurl=file:///usr/share/doc/gcc-12/README.Bugs --enable-languages=c,ada,c++,go,d,fortran,objc,obj-c++,m2 --prefix=/usr --with-gcc-major-version-only --program-suffix=-12 --program-prefix=x86_64-linux-gnu- --enable-shared --enable-linker-build-id --libexecdir=/usr/lib --without-included-gettext --enable-threads=posix --libdir=/usr/lib --enable-nls --enable-clocale=gnu --enable-libstdcxx-debug --enable-libstdcxx-time=yes --with-default-libstdcxx-abi=new --enable-gnu-unique-object --disable-vtable-verify --enable-plugin --enable-default-pie --with-system-zlib --enable-libphobos-checking=release --with-target-system-zlib=auto --enable-objc-gc=auto --enable-multiarch --disable-werror --enable-cet --with-arch-32=i686 --with-abi=m64 --with-multilib-list=m32,m64,mx32 --enable-multilib --with-tune=generic --enable-offload-targets=nvptx-none=/build/gcc-12-ALHxjy/gcc-12-12.3.0/debian/tmp-nvptx/usr,amdgcn-amdhsa=/build/gcc-12-ALHxjy/gcc-12-12.3.0/debian/tmp-gcn/usr --enable-offload-defaulted --without-cuda-driver --enable-checking=release --build=x86_64-linux-gnu --host=x86_64-linux-gnu --target=x86_64-linux-gnu
Thread model: posix
Supported LTO compression algorithms: zlib zstd
gcc version 12.3.0 (Ubuntu 12.3.0-1ubuntu1~22.04) 
COLLECT_GCC_OPTIONS='-v' '-o' 'CMakeFiles/cmTC_9d575.dir/CMakeCCompilerABI.c.o' '-c' '-mtune=generic' '-march=x86-64' '-dumpdir' 'CMakeFiles/cmTC_9d575.dir/'
 /usr/lib/gcc/x86_64-linux-gnu/12/cc1 -quiet -v -imultiarch x86_64-linux-gnu /usr/share/cmake-3.22/Modules/CMakeCCompilerABI.c -quiet -dumpdir CMakeFiles/cmTC_9d575.dir/ -dumpbase CMakeCCompilerABI.c.c -dumpbase-ext .c -mtune=generic -march=x86-64 -version -fasynchronous-unwind-tables -fstack-protector-strong -Wformat -Wformat-security -fstack-clash-protection -fcf-protection -o /tmp/cc8p84VS.s
GNU C17 (Ubuntu 12.3.0-1ubuntu1~22.04) version 12.3.0 (x86_64-linux-gnu)
	compiled by GNU C version 12.3.0, GMP version 6.2.1, MPFR version 4.1.0, MPC version 1.2.1, isl version isl-0.24-GMP

GGC heuristics: --param ggc-min-expand=100 --param ggc-min-heapsize=131072
ignoring nonexistent directory "/usr/local/include/x86_64-linux-gnu"
ignoring nonexistent directory "/usr/lib/gcc/x86_64-linux-gnu/12/include-fixed"
ignoring nonexistent directory "/usr/lib/gcc/x86_64-linux-gnu/12/../../../../x86_64-linux-gnu/include"
#include "..." search starts here:
#include <...> search starts here:
 /opt/intel/oneapi/tbb/2021.11/env/../include
 /opt/intel/oneapi/mpi/2021.11/include
 /opt/intel/oneapi/mkl/2023.2.0/include
 /opt/intel/oneapi/ippcp/2021.8.0/include
 /opt/intel/oneapi/ipp/2021.9.0/include
 /opt/intel/oneapi/dpl/2022.3/include
 /opt/intel/oneapi/dpcpp-ct/2023.2.0/include
 /opt/intel/oneapi/dnnl/2023.2.0/cpu_dpcpp_gpu_dpcpp/include
 /opt/intel/oneapi/dev-utilities/2024.0/include
 /opt/intel/oneapi/dal/2023.2.0/include
 /opt/intel/oneapi/compiler/2024.0/opt/oclfpga/include
 /opt/intel/oneapi/ccl/2021.10.0/include/cpu_gpu_dpcpp
 /usr/lib/gcc/x86_64-linux-gnu/12/include
 /usr/local/include
 /usr/include/x86_64-linux-gnu
 /usr/include
End of search list.
GNU C17 (Ubuntu 12.3.0-1ubuntu1~22.04) version 12.3.0 (x86_64-linux-gnu)
	compiled by GNU C version 12.3.0, GMP version 6.2.1, MPFR version 4.1.0, MPC version 1.2.1, isl version isl-0.24-GMP

GGC heuristics: --param ggc-min-expand=100 --param ggc-min-heapsize=131072
Compiler executable checksum: d93534411cccf908c6f3926ba41cb359
COLLECT_GCC_OPTIONS='-v' '-o' 'CMakeFiles/cmTC_9d575.dir/CMakeCCompilerABI.c.o' '-c' '-mtune=generic' '-march=x86-64' '-dumpdir' 'CMakeFiles/cmTC_9d575.dir/'
 as -v --64 -o CMakeFiles/cmTC_9d575.dir/CMakeCCompilerABI.c.o /tmp/cc8p84VS.s
GNU assembler version 2.38 (x86_64-linux-gnu) using BFD version (GNU Binutils for Ubuntu) 2.38
COMPILER_PATH=/usr/lib/gcc/x86_64-linux-gnu/12/:/usr/lib/gcc/x86_64-linux-gnu/12/:/usr/lib/gcc/x86_64-linux-gnu/:/usr/lib/gcc/x86_64-linux-gnu/12/:/usr/lib/gcc/x86_64-linux-gnu/
LIBRARY_PATH=/opt/intel/oneapi/tbb/2021.11/env/../lib/intel64/gcc4.8/../lib/:/opt/intel/oneapi/mpi/2021.11/lib/../lib/:/opt/intel/oneapi/dpl/2022.3/lib/../lib/:/opt/intel/oneapi/dnnl/2023.2.0/cpu_dpcpp_gpu_dpcpp/lib/../lib/:/opt/intel/oneapi/compiler/2024.0/lib/../lib/:/usr/lib/gcc/x86_64-linux-gnu/12/:/usr/lib/gcc/x86_64-linux-gnu/12/../../../x86_64-linux-gnu/:/usr/lib/gcc/x86_64-linux-gnu/12/../../../../lib/:/lib/x86_64-linux-gnu/:/lib/../lib/:/usr/lib/x86_64-linux-gnu/:/usr/lib/../lib/:/opt/intel/oneapi/tbb/2021.11/env/../lib/intel64/gcc4.8/:/opt/intel/oneapi/mpi/2021.11/lib/:/opt/intel/oneapi/mkl/2023.2.0/lib/intel64/:/opt/intel/oneapi/ippcp/2021.8.0/lib/intel64/:/opt/intel/oneapi/ipp/2021.9.0/lib/intel64/:/opt/intel/oneapi/dpl/2022.3/lib/:/opt/intel/oneapi/dnnl/2023.2.0/cpu_dpcpp_gpu_dpcpp/lib/:/opt/intel/oneapi/dal/2023.2.0/lib/intel64/:/opt/intel/oneapi/compiler/2024.0/lib/:/opt/intel/oneapi/ccl/2021.10.0/lib/cpu_gpu_dpcpp/:/opt/intel/oneapi/intelpython/latest/envs/2023.2.0/lib/libfabric/:/usr/lib/gcc/x86_64-linux-gnu/12/../../../:/lib/:/usr/lib/
COLLECT_GCC_OPTIONS='-v' '-o' 'CMakeFiles/cmTC_9d575.dir/CMakeCCompilerABI.c.o' '-c' '-mtune=generic' '-march=x86-64' '-dumpdir' 'CMakeFiles/cmTC_9d575.dir/CMakeCCompilerABI.c.'
Linking C executable cmTC_9d575
/usr/bin/cmake -E cmake_link_script CMakeFiles/cmTC_9d575.dir/link.txt --verbose=1
/usr/bin/cc  -v CMakeFiles/cmTC_9d575.dir/CMakeCCompilerABI.c.o -o cmTC_9d575 
Using built-in specs.
COLLECT_GCC=/usr/bin/cc
COLLECT_LTO_WRAPPER=/usr/lib/gcc/x86_64-linux-gnu/12/lto-wrapper
OFFLOAD_TARGET_NAMES=nvptx-none:amdgcn-amdhsa
OFFLOAD_TARGET_DEFAULT=1
Target: x86_64-linux-gnu
Configured with: ../src/configure -v --with-pkgversion='Ubuntu 12.3.0-1ubuntu1~22.04' --with-bugurl=file:///usr/share/doc/gcc-12/README.Bugs --enable-languages=c,ada,c++,go,d,fortran,objc,obj-c++,m2 --prefix=/usr --with-gcc-major-version-only --program-suffix=-12 --program-prefix=x86_64-linux-gnu- --enable-shared --enable-linker-build-id --libexecdir=/usr/lib --without-included-gettext --enable-threads=posix --libdir=/usr/lib --enable-nls --enable-clocale=gnu --enable-libstdcxx-debug --enable-libstdcxx-time=yes --with-default-libstdcxx-abi=new --enable-gnu-unique-object --disable-vtable-verify --enable-plugin --enable-default-pie --with-system-zlib --enable-libphobos-checking=release --with-target-system-zlib=auto --enable-objc-gc=auto --enable-multiarch --disable-werror --enable-cet --with-arch-32=i686 --with-abi=m64 --with-multilib-list=m32,m64,mx32 --enable-multilib --with-tune=generic --enable-offload-targets=nvptx-none=/build/gcc-12-ALHxjy/gcc-12-12.3.0/debian/tmp-nvptx/usr,amdgcn-amdhsa=/build/gcc-12-ALHxjy/gcc-12-12.3.0/debian/tmp-gcn/usr --enable-offload-defaulted --without-cuda-driver --enable-checking=release --build=x86_64-linux-gnu --host=x86_64-linux-gnu --target=x86_64-linux-gnu
Thread model: posix
Supported LTO compression algorithms: zlib zstd
gcc version 12.3.0 (Ubuntu 12.3.0-1ubuntu1~22.04) 
COMPILER_PATH=/usr/lib/gcc/x86_64-linux-gnu/12/:/usr/lib/gcc/x86_64-linux-gnu/12/:/usr/lib/gcc/x86_64-linux-gnu/:/usr/lib/gcc/x86_64-linux-gnu/12/:/usr/lib/gcc/x86_64-linux-gnu/
LIBRARY_PATH=/opt/intel/oneapi/tbb/2021.11/env/../lib/intel64/gcc4.8/../lib/:/opt/intel/oneapi/mpi/2021.11/lib/../lib/:/opt/intel/oneapi/dpl/2022.3/lib/../lib/:/opt/intel/oneapi/dnnl/2023.2.0/cpu_dpcpp_gpu_dpcpp/lib/../lib/:/opt/intel/oneapi/compiler/2024.0/lib/../lib/:/usr/lib/gcc/x86_64-linux-gnu/12/:/usr/lib/gcc/x86_64-linux-gnu/12/../../../x86_64-linux-gnu/:/usr/lib/gcc/x86_64-linux-gnu/12/../../../../lib/:/lib/x86_64-linux-gnu/:/lib/../lib/:/usr/lib/x86_64-linux-gnu/:/usr/lib/../lib/:/opt/intel/oneapi/tbb/2021.11/env/../lib/intel64/gcc4.8/:/opt/intel/oneapi/mpi/2021.11/lib/:/opt/intel/oneapi/mkl/2023.2.0/lib/intel64/:/opt/intel/oneapi/ippcp/2021.8.0/lib/intel64/:/opt/intel/oneapi/ipp/2021.9.0/lib/intel64/:/opt/intel/oneapi/dpl/2022.3/lib/:/opt/intel/oneapi/dnnl/2023.2.0/cpu_dpcpp_gpu_dpcpp/lib/:/opt/intel/oneapi/dal/2023.2.0/lib/intel64/:/opt/intel/oneapi/compiler/2024.0/lib/:/opt/intel/oneapi/ccl/2021.10.0/lib/cpu_gpu_dpcpp/:/opt/intel/oneapi/intelpython/latest/envs/2023.2.0/lib/libfabric/:/usr/lib/gcc/x86_64-linux-gnu/12/../../../:/lib/:/usr/lib/
COLLECT_GCC_OPTIONS='-v' '-o' 'cmTC_9d575' '-mtune=generic' '-march=x86-64' '-dumpdir' 'cmTC_9d575.'
 /usr/lib/gcc/x86_64-linux-gnu/12/collect2 -plugin /usr/lib/gcc/x86_64-linux-gnu/12/liblto_plugin.so -plugin-opt=/usr/lib/gcc/x86_64-linux-gnu/12/lto-wrapper -plugin-opt=-fresolution=/tmp/ccMa3jLY.res -plugin-opt=-pass-through=-lgcc -plugin-opt=-pass-through=-lgcc_s -plugin-opt=-pass-through=-lc -plugin-opt=-pass-through=-lgcc -plugin-opt=-pass-through=-lgcc_s --build-id --eh-frame-hdr -m elf_x86_64 --hash-style=gnu --as-needed -dynamic-linker /lib64/ld-linux-x86-64.so.2 -pie -z now -z relro -o cmTC_9d575 /usr/lib/gcc/x86_64-linux-gnu/12/../../../x86_64-linux-gnu/Scrt1.o /usr/lib/gcc/x86_64-linux-gnu/12/../../../x86_64-linux-gnu/crti.o /usr/lib/gcc/x86_64-linux-gnu/12/crtbeginS.o -L/opt/intel/oneapi/tbb/2021.11/env/../lib/intel64/gcc4.8/../lib -L/opt/intel/oneapi/mpi/2021.11/lib/../lib -L/opt/intel/oneapi/dpl/2022.3/lib/../lib -L/opt/intel/oneapi/dnnl/2023.2.0/cpu_dpcpp_gpu_dpcpp/lib/../lib -L/opt/intel/oneapi/compiler/2024.0/lib/../lib -L/usr/lib/gcc/x86_64-linux-gnu/12 -L/usr/lib/gcc/x86_64-linux-gnu/12/../../../x86_64-linux-gnu -L/usr/lib/gcc/x86_64-linux-gnu/12/../../../../lib -L/lib/x86_64-linux-gnu -L/lib/../lib -L/usr/lib/x86_64-linux-gnu -L/usr/lib/../lib -L/opt/intel/oneapi/tbb/2021.11/env/../lib/intel64/gcc4.8 -L/opt/intel/oneapi/mpi/2021.11/lib -L/opt/intel/oneapi/mkl/2023.2.0/lib/intel64 -L/opt/intel/oneapi/ippcp/2021.8.0/lib/intel64 -L/opt/intel/oneapi/ipp/2021.9.0/lib/intel64 -L/opt/intel/oneapi/dpl/2022.3/lib -L/opt/intel/oneapi/dnnl/2023.2.0/cpu_dpcpp_gpu_dpcpp/lib -L/opt/intel/oneapi/dal/2023.2.0/lib/intel64 -L/opt/intel/oneapi/compiler/2024.0/lib -L/opt/intel/oneapi/ccl/2021.10.0/lib/cpu_gpu_dpcpp -L/opt/intel/oneapi/intelpython/latest/envs/2023.2.0/lib/libfabric -L/usr/lib/gcc/x86_64-linux-gnu/12/../../.. CMakeFiles/cmTC_9d575.dir/CMakeCCompilerABI.c.o -lgcc --push-state --as-needed -lgcc_s --pop-state -lc -lgcc --push-state --as-needed -lgcc_s --pop-state /usr/lib/gcc/x86_64-linux-gnu/12/crtendS.o /usr/lib/gcc/x86_64-linux-gnu/12/../../../x86_64-linux-gnu/crtn.o
COLLECT_GCC_OPTIONS='-v' '-o' 'cmTC_9d575' '-mtune=generic' '-march=x86-64' '-dumpdir' 'cmTC_9d575.'
gmake[1]: Leaving directory '/home/kuzmaline/Quantum/QComputations/single/CMakeFiles/CMakeTmp'



Parsed C implicit include dir info from above output: rv=done
  found start of include info
  found start of implicit include info
    add: [/opt/intel/oneapi/tbb/2021.11/env/../include]
    add: [/opt/intel/oneapi/mpi/2021.11/include]
    add: [/opt/intel/oneapi/mkl/2023.2.0/include]
    add: [/opt/intel/oneapi/ippcp/2021.8.0/include]
    add: [/opt/intel/oneapi/ipp/2021.9.0/include]
    add: [/opt/intel/oneapi/dpl/2022.3/include]
    add: [/opt/intel/oneapi/dpcpp-ct/2023.2.0/include]
    add: [/opt/intel/oneapi/dnnl/2023.2.0/cpu_dpcpp_gpu_dpcpp/include]
    add: [/opt/intel/oneapi/dev-utilities/2024.0/include]
    add: [/opt/intel/oneapi/dal/2023.2.0/include]
    add: [/opt/intel/oneapi/compiler/2024.0/opt/oclfpga/include]
    add: [/opt/intel/oneapi/ccl/2021.10.0/include/cpu_gpu_dpcpp]
    add: [/usr/lib/gcc/x86_64-linux-gnu/12/include]
    add: [/usr/local/include]
    add: [/usr/include/x86_64-linux-gnu]
    add: [/usr/include]
  end of search list found
  collapse include dir [/opt/intel/oneapi/tbb/2021.11/env/../include] ==> [/opt/intel/oneapi/tbb/2021.11/include]
  collapse include dir [/opt/intel/oneapi/mpi/2021.11/include] ==> [/opt/intel/oneapi/mpi/2021.11/include]
  collapse include dir [/opt/intel/oneapi/mkl/2023.2.0/include] ==> [/opt/intel/oneapi/mkl/2023.2.0/include]
  collapse include dir [/opt/intel/oneapi/ippcp/2021.8.0/include] ==> [/opt/intel/oneapi/ippcp/2021.8.0/include]
  collapse include dir [/opt/intel/oneapi/ipp/2021.9.0/include] ==> [/opt/intel/oneapi/ipp/2021.9.0/include]
  collapse include dir [/opt/intel/oneapi/dpl/2022.3/include] ==> [/opt/intel/oneapi/dpl/2022.3/include]
  collapse include dir [/opt/intel/oneapi/dpcpp-ct/2023.2.0/include] ==> [/opt/intel/oneapi/dpcpp-ct/2023.2.0/include]
  collapse include dir [/opt/intel/oneapi/dnnl/2023.2.0/cpu_dpcpp_gpu_dpcpp/include] ==> [/opt/intel/oneapi/dnnl/2023.2.0/cpu_dpcpp_gpu_dpcpp/include]
  collapse include dir [/opt/intel/oneapi/dev-utilities/2024.0/include] ==> [/opt/intel/oneapi/dev-utilities/2024.0/include]
  collapse include dir [/opt/intel/oneapi/dal/2023.2.0/include] ==> [/opt/intel/oneapi/dal/2023.2.0/include]
  collapse include dir [/opt/intel/oneapi/compiler/2024.0/opt/oclfpga/include] ==> [/opt/intel/oneapi/compiler/2024.0/opt/oclfpga/include]
  collapse include dir [/opt/intel/oneapi/ccl/2021.10.0/include/cpu_gpu_dpcpp] ==> [/opt/intel/oneapi/ccl/2021.10.0/include/cpu_gpu_dpcpp]
  collapse include dir [/usr/lib/gcc/x86_64-linux-gnu/12/include] ==> [/usr/lib/gcc/x86_64-linux-gnu/12/include]
  collapse include dir [/usr/local/include] ==> [/usr/local/include]
  collapse include dir [/usr/include/x86_64-linux-gnu] ==> [/usr/include/x86_64-linux-gnu]
  collapse include dir [/usr/include] ==> [/usr/include]
  implicit include dirs: [/opt/intel/oneapi/tbb/2021.11/include;/opt/intel/oneapi/mpi/2021.11/include;/opt/intel/oneapi/mkl/2023.2.0/include;/opt/intel/oneapi/ippcp/2021.8.0/include;/opt/intel/oneapi/ipp/2021.9.0/include;/opt/intel/oneapi/dpl/2022.3/include;/opt/intel/oneapi/dpcpp-ct/2023.2.0/include;/opt/intel/oneapi/dnnl/2023.2.0/cpu_dpcpp_gpu_dpcpp/include;/opt/intel/oneapi/dev-utilities/2024.0/include;/opt/intel/oneapi/dal/2023.2.0/include;/opt/intel/oneapi/compiler/2024.0/opt/oclfpga/include;/opt/intel/oneapi/ccl/2021.10.0/include/cpu_gpu_dpcpp;/usr/lib/gcc/x86_64-linux-gnu/12/include;/usr/local/include;/usr/include/x86_64-linux-gnu;/usr/include]


Parsed C implicit link information from above output:
  link line regex: [^( *|.*[/\])(ld|CMAKE_LINK_STARTFILE-NOTFOUND|([^/\]+-)?ld|collect2)[^/\]*( |$)]
  ignore line: [Change Dir: /home/kuzmaline/Quantum/QComputations/single/CMakeFiles/CMakeTmp]
  ignore line: []
  ignore line: [Run Build Command(s):/usr/bin/gmake -f Makefile cmTC_9d575/fast && /usr/bin/gmake  -f CMakeFiles/cmTC_9d575.dir/build.make CMakeFiles/cmTC_9d575.dir/build]
  ignore line: [gmake[1]: Entering directory '/home/kuzmaline/Quantum/QComputations/single/CMakeFiles/CMakeTmp']
  ignore line: [Building C object CMakeFiles/cmTC_9d575.dir/CMakeCCompilerABI.c.o]
  ignore line: [/usr/bin/cc   -v -o CMakeFiles/cmTC_9d575.dir/CMakeCCompilerABI.c.o -c /usr/share/cmake-3.22/Modules/CMakeCCompilerABI.c]
  ignore line: [Using built-in specs.]
  ignore line: [COLLECT_GCC=/usr/bin/cc]
  ignore line: [OFFLOAD_TARGET_NAMES=nvptx-none:amdgcn-amdhsa]
  ignore line: [OFFLOAD_TARGET_DEFAULT=1]
  ignore line: [Target: x86_64-linux-gnu]
  ignore line: [Configured with: ../src/configure -v --with-pkgversion='Ubuntu 12.3.0-1ubuntu1~22.04' --with-bugurl=file:///usr/share/doc/gcc-12/README.Bugs --enable-languages=c ada c++ go d fortran objc obj-c++ m2 --prefix=/usr --with-gcc-major-version-only --program-suffix=-12 --program-prefix=x86_64-linux-gnu- --enable-shared --enable-linker-build-id --libexecdir=/usr/lib --without-included-gettext --enable-threads=posix --libdir=/usr/lib --enable-nls --enable-clocale=gnu --enable-libstdcxx-debug --enable-libstdcxx-time=yes --with-default-libstdcxx-abi=new --enable-gnu-unique-object --disable-vtable-verify --enable-plugin --enable-default-pie --with-system-zlib --enable-libphobos-checking=release --with-target-system-zlib=auto --enable-objc-gc=auto --enable-multiarch --disable-werror --enable-cet --with-arch-32=i686 --with-abi=m64 --with-multilib-list=m32 m64 mx32 --enable-multilib --with-tune=generic --enable-offload-targets=nvptx-none=/build/gcc-12-ALHxjy/gcc-12-12.3.0/debian/tmp-nvptx/usr amdgcn-amdhsa=/build/gcc-12-ALHxjy/gcc-12-12.3.0/debian/tmp-gcn/usr --enable-offload-defaulted --without-cuda-driver --enable-checking=release --build=x86_64-linux-gnu --host=x86_64-linux-gnu --target=x86_64-linux-gnu]
  ignore line: [Thread model: posix]
  ignore line: [Supported LTO compression algorithms: zlib zstd]
  ignore line: [gcc version 12.3.0 (Ubuntu 12.3.0-1ubuntu1~22.04) ]
  ignore line: [COLLECT_GCC_OPTIONS='-v' '-o' 'CMakeFiles/cmTC_9d575.dir/CMakeCCompilerABI.c.o' '-c' '-mtune=generic' '-march=x86-64' '-dumpdir' 'CMakeFiles/cmTC_9d575.dir/']
  ignore line: [ /usr/lib/gcc/x86_64-linux-gnu/12/cc1 -quiet -v -imultiarch x86_64-linux-gnu /usr/share/cmake-3.22/Modules/CMakeCCompilerABI.c -quiet -dumpdir CMakeFiles/cmTC_9d575.dir/ -dumpbase CMakeCCompilerABI.c.c -dumpbase-ext .c -mtune=generic -march=x86-64 -version -fasynchronous-unwind-tables -fstack-protector-strong -Wformat -Wformat-security -fstack-clash-protection -fcf-protection -o /tmp/cc8p84VS.s]
  ignore line: [GNU C17 (Ubuntu 12.3.0-1ubuntu1~22.04) version 12.3.0 (x86_64-linux-gnu)]
  ignore line: [	compiled by GNU C version 12.3.0  GMP version 6.2.1  MPFR version 4.1.0  MPC version 1.2.1  isl version isl-0.24-GMP]
  ignore line: []
  ignore line: [GGC heuristics: --param ggc-min-expand=100 --param ggc-min-heapsize=131072]
  ignore line: [ignoring nonexistent directory "/usr/local/include/x86_64-linux-gnu"]
  ignore line: [ignoring nonexistent directory "/usr/lib/gcc/x86_64-linux-gnu/12/include-fixed"]
  ignore line: [ignoring nonexistent directory "/usr/lib/gcc/x86_64-linux-gnu/12/../../../../x86_64-linux-gnu/include"]
  ignore line: [#include "..." search starts here:]
  ignore line: [#include <...> search starts here:]
  ignore line: [ /opt/intel/oneapi/tbb/2021.11/env/../include]
  ignore line: [ /opt/intel/oneapi/mpi/2021.11/include]
  ignore line: [ /opt/intel/oneapi/mkl/2023.2.0/include]
  ignore line: [ /opt/intel/oneapi/ippcp/2021.8.0/include]
  ignore line: [ /opt/intel/oneapi/ipp/2021.9.0/include]
  ignore line: [ /opt/intel/oneapi/dpl/2022.3/include]
  ignore line: [ /opt/intel/oneapi/dpcpp-ct/2023.2.0/include]
  ignore line: [ /opt/intel/oneapi/dnnl/2023.2.0/cpu_dpcpp_gpu_dpcpp/include]
  ignore line: [ /opt/intel/oneapi/dev-utilities/2024.0/include]
  ignore line: [ /opt/intel/oneapi/dal/2023.2.0/include]
  ignore line: [ /opt/intel/oneapi/compiler/2024.0/opt/oclfpga/include]
  ignore line: [ /opt/intel/oneapi/ccl/2021.10.0/include/cpu_gpu_dpcpp]
  ignore line: [ /usr/lib/gcc/x86_64-linux-gnu/12/include]
  ignore line: [ /usr/local/include]
  ignore line: [ /usr/include/x86_64-linux-gnu]
  ignore line: [ /usr/include]
  ignore line: [End of search list.]
  ignore line: [GNU C17 (Ubuntu 12.3.0-1ubuntu1~22.04) version 12.3.0 (x86_64-linux-gnu)]
  ignore line: [	compiled by GNU C version 12.3.0  GMP version 6.2.1  MPFR version 4.1.0  MPC version 1.2.1  isl version isl-0.24-GMP]
  ignore line: []
  ignore line: [GGC heuristics: --param ggc-min-expand=100 --param ggc-min-heapsize=131072]
  ignore line: [Compiler executable checksum: d93534411cccf908c6f3926ba41cb359]
  ignore line: [COLLECT_GCC_OPTIONS='-v' '-o' 'CMakeFiles/cmTC_9d575.dir/CMakeCCompilerABI.c.o' '-c' '-mtune=generic' '-march=x86-64' '-dumpdir' 'CMakeFiles/cmTC_9d575.dir/']
  ignore line: [ as -v --64 -o CMakeFiles/cmTC_9d575.dir/CMakeCCompilerABI.c.o /tmp/cc8p84VS.s]
  ignore line: [GNU assembler version 2.38 (x86_64-linux-gnu) using BFD version (GNU Binutils for Ubuntu) 2.38]
  ignore line: [COMPILER_PATH=/usr/lib/gcc/x86_64-linux-gnu/12/:/usr/lib/gcc/x86_64-linux-gnu/12/:/usr/lib/gcc/x86_64-linux-gnu/:/usr/lib/gcc/x86_64-linux-gnu/12/:/usr/lib/gcc/x86_64-linux-gnu/]
  ignore line: [LIBRARY_PATH=/opt/intel/oneapi/tbb/2021.11/env/../lib/intel64/gcc4.8/../lib/:/opt/intel/oneapi/mpi/2021.11/lib/../lib/:/opt/intel/oneapi/dpl/2022.3/lib/../lib/:/opt/intel/oneapi/dnnl/2023.2.0/cpu_dpcpp_gpu_dpcpp/lib/../lib/:/opt/intel/oneapi/compiler/2024.0/lib/../lib/:/usr/lib/gcc/x86_64-linux-gnu/12/:/usr/lib/gcc/x86_64-linux-gnu/12/../../../x86_64-linux-gnu/:/usr/lib/gcc/x86_64-linux-gnu/12/../../../../lib/:/lib/x86_64-linux-gnu/:/lib/../lib/:/usr/lib/x86_64-linux-gnu/:/usr/lib/../lib/:/opt/intel/oneapi/tbb/2021.11/env/../lib/intel64/gcc4.8/:/opt/intel/oneapi/mpi/2021.11/lib/:/opt/intel/oneapi/mkl/2023.2.0/lib/intel64/:/opt/intel/oneapi/ippcp/2021.8.0/lib/intel64/:/opt/intel/oneapi/ipp/2021.9.0/lib/intel64/:/opt/intel/oneapi/dpl/2022.3/lib/:/opt/intel/oneapi/dnnl/2023.2.0/cpu_dpcpp_gpu_dpcpp/lib/:/opt/intel/oneapi/dal/2023.2.0/lib/intel64/:/opt/intel/oneapi/compiler/2024.0/lib/:/opt/intel/oneapi/ccl/2021.10.0/lib/cpu_gpu_dpcpp/:/opt/intel/oneapi/intelpython/latest/envs/2023.2.0/lib/libfabric/:/usr/lib/gcc/x86_64-linux-gnu/12/../../../:/lib/:/usr/lib/]
  ignore line: [COLLECT_GCC_OPTIONS='-v' '-o' 'CMakeFiles/cmTC_9d575.dir/CMakeCCompilerABI.c.o' '-c' '-mtune=generic' '-march=x86-64' '-dumpdir' 'CMakeFiles/cmTC_9d575.dir/CMakeCCompilerABI.c.']
  ignore line: [Linking C executable cmTC_9d575]
  ignore line: [/usr/bin/cmake -E cmake_link_script CMakeFiles/cmTC_9d575.dir/link.txt --verbose=1]
  ignore line: [/usr/bin/cc  -v CMakeFiles/cmTC_9d575.dir/CMakeCCompilerABI.c.o -o cmTC_9d575 ]
  ignore line: [Using built-in specs.]
  ignore line: [COLLECT_GCC=/usr/bin/cc]
  ignore line: [COLLECT_LTO_WRAPPER=/usr/lib/gcc/x86_64-linux-gnu/12/lto-wrapper]
  ignore line: [OFFLOAD_TARGET_NAMES=nvptx-none:amdgcn-amdhsa]
  ignore line: [OFFLOAD_TARGET_DEFAULT=1]
  ignore line: [Target: x86_64-linux-gnu]
  ignore line: [Configured with: ../src/configure -v --with-pkgversion='Ubuntu 12.3.0-1ubuntu1~22.04' --with-bugurl=file:///usr/share/doc/gcc-12/README.Bugs --enable-languages=c ada c++ go d fortran objc obj-c++ m2 --prefix=/usr --with-gcc-major-version-only --program-suffix=-12 --program-prefix=x86_64-linux-gnu- --enable-shared --enable-linker-build-id --libexecdir=/usr/lib --without-included-gettext --enable-threads=posix --libdir=/usr/lib --enable-nls --enable-clocale=gnu --enable-libstdcxx-debug --enable-libstdcxx-time=yes --with-default-libstdcxx-abi=new --enable-gnu-unique-object --disable-vtable-verify --enable-plugin --enable-default-pie --with-system-zlib --enable-libphobos-checking=release --with-target-system-zlib=auto --enable-objc-gc=auto --enable-multiarch --disable-werror --enable-cet --with-arch-32=i686 --with-abi=m64 --with-multilib-list=m32 m64 mx32 --enable-multilib --with-tune=generic --enable-offload-targets=nvptx-none=/build/gcc-12-ALHxjy/gcc-12-12.3.0/debian/tmp-nvptx/usr amdgcn-amdhsa=/build/gcc-12-ALHxjy/gcc-12-12.3.0/debian/tmp-gcn/usr --enable-offload-defaulted --without-cuda-driver --enable-checking=release --build=x86_64-linux-gnu --host=x86_64-linux-gnu --target=x86_64-linux-gnu]
  ignore line: [Thread model: posix]
  ignore line: [Supported LTO compression algorithms: zlib zstd]
  ignore line: [gcc version 12.3.0 (Ubuntu 12.3.0-1ubuntu1~22.04) ]
  ignore line: [COMPILER_PATH=/usr/lib/gcc/x86_64-linux-gnu/12/:/usr/lib/gcc/x86_64-linux-gnu/12/:/usr/lib/gcc/x86_64-linux-gnu/:/usr/lib/gcc/x86_64-linux-gnu/12/:/usr/lib/gcc/x86_64-linux-gnu/]
  ignore line: [LIBRARY_PATH=/opt/intel/oneapi/tbb/2021.11/env/../lib/intel64/gcc4.8/../lib/:/opt/intel/oneapi/mpi/2021.11/lib/../lib/:/opt/intel/oneapi/dpl/2022.3/lib/../lib/:/opt/intel/oneapi/dnnl/2023.2.0/cpu_dpcpp_gpu_dpcpp/lib/../lib/:/opt/intel/oneapi/compiler/2024.0/lib/../lib/:/usr/lib/gcc/x86_64-linux-gnu/12/:/usr/lib/gcc/x86_64-linux-gnu/12/../../../x86_64-linux-gnu/:/usr/lib/gcc/x86_64-linux-gnu/12/../../../../lib/:/lib/x86_64-linux-gnu/:/lib/../lib/:/usr/lib/x86_64-linux-gnu/:/usr/lib/../lib/:/opt/intel/oneapi/tbb/2021.11/env/../lib/intel64/gcc4.8/:/opt/intel/oneapi/mpi/2021.11/lib/:/opt/intel/oneapi/mkl/2023.2.0/lib/intel64/:/opt/intel/oneapi/ippcp/2021.8.0/lib/intel64/:/opt/intel/oneapi/ipp/2021.9.0/lib/intel64/:/opt/intel/oneapi/dpl/2022.3/lib/:/opt/intel/oneapi/dnnl/2023.2.0/cpu_dpcpp_gpu_dpcpp/lib/:/opt/intel/oneapi/dal/2023.2.0/lib/intel64/:/opt/intel/oneapi/compiler/2024.0/lib/:/opt/intel/oneapi/ccl/2021.10.0/lib/cpu_gpu_dpcpp/:/opt/intel/oneapi/intelpython/latest/envs/2023.2.0/lib/libfabric/:/usr/lib/gcc/x86_64-linux-gnu/12/../../../:/lib/:/usr/lib/]
  ignore line: [COLLECT_GCC_OPTIONS='-v' '-o' 'cmTC_9d575' '-mtune=generic' '-march=x86-64' '-dumpdir' 'cmTC_9d575.']
  link line: [ /usr/lib/gcc/x86_64-linux-gnu/12/collect2 -plugin /usr/lib/gcc/x86_64-linux-gnu/12/liblto_plugin.so -plugin-opt=/usr/lib/gcc/x86_64-linux-gnu/12/lto-wrapper -plugin-opt=-fresolution=/tmp/ccMa3jLY.res -plugin-opt=-pass-through=-lgcc -plugin-opt=-pass-through=-lgcc_s -plugin-opt=-pass-through=-lc -plugin-opt=-pass-through=-lgcc -plugin-opt=-pass-through=-lgcc_s --build-id --eh-frame-hdr -m elf_x86_64 --hash-style=gnu --as-needed -dynamic-linker /lib64/ld-linux-x86-64.so.2 -pie -z now -z relro -o cmTC_9d575 /usr/lib/gcc/x86_64-linux-gnu/12/../../../x86_64-linux-gnu/Scrt1.o /usr/lib/gcc/x86_64-linux-gnu/12/../../../x86_64-linux-gnu/crti.o /usr/lib/gcc/x86_64-linux-gnu/12/crtbeginS.o -L/opt/intel/oneapi/tbb/2021.11/env/../lib/intel64/gcc4.8/../lib -L/opt/intel/oneapi/mpi/2021.11/lib/../lib -L/opt/intel/oneapi/dpl/2022.3/lib/../lib -L/opt/intel/oneapi/dnnl/2023.2.0/cpu_dpcpp_gpu_dpcpp/lib/../lib -L/opt/intel/oneapi/compiler/2024.0/lib/../lib -L/usr/lib/gcc/x86_64-linux-gnu/12 -L/usr/lib/gcc/x86_64-linux-gnu/12/../../../x86_64-linux-gnu -L/usr/lib/gcc/x86_64-linux-gnu/12/../../../../lib -L/lib/x86_64-linux-gnu -L/lib/../lib -L/usr/lib/x86_64-linux-gnu -L/usr/lib/../lib -L/opt/intel/oneapi/tbb/2021.11/env/../lib/intel64/gcc4.8 -L/opt/intel/oneapi/mpi/2021.11/lib -L/opt/intel/oneapi/mkl/2023.2.0/lib/intel64 -L/opt/intel/oneapi/ippcp/2021.8.0/lib/intel64 -L/opt/intel/oneapi/ipp/2021.9.0/lib/intel64 -L/opt/intel/oneapi/dpl/2022.3/lib -L/opt/intel/oneapi/dnnl/2023.2.0/cpu_dpcpp_gpu_dpcpp/lib -L/opt/intel/oneapi/dal/2023.2.0/lib/intel64 -L/opt/intel/oneapi/compiler/2024.0/lib -L/opt/intel/oneapi/ccl/2021.10.0/lib/cpu_gpu_dpcpp -L/opt/intel/oneapi/intelpython/latest/envs/2023.2.0/lib/libfabric -L/usr/lib/gcc/x86_64-linux-gnu/12/../../.. CMakeFiles/cmTC_9d575.dir/CMakeCCompilerABI.c.o -lgcc --push-state --as-needed -lgcc_s --pop-state -lc -lgcc --push-state --as-needed -lgcc_s --pop-state /usr/lib/gcc/x86_64-linux-gnu/12/crtendS.o /usr/lib/gcc/x86_64-linux-gnu/12/../../../x86_64-linux-gnu/crtn.o]
    arg [/usr/lib/gcc/x86_64-linux-gnu/12/collect2] ==> ignore
    arg [-plugin] ==> ignore
    arg [/usr/lib/gcc/x86_64-linux-gnu/12/liblto_plugin.so] ==> ignore
    arg [-plugin-opt=/usr/lib/gcc/x86_64-linux-gnu/12/lto-wrapper] ==> ignore
    arg [-plugin-opt=-fresolution=/tmp/ccMa3jLY.res] ==> ignore
    arg [-plugin-opt=-pass-through=-lgcc] ==> ignore
    arg [-plugin-opt=-pass-through=-lgcc_s] ==> ignore
    arg [-plugin-opt=-pass-through=-lc] ==> ignore
    arg [-plugin-opt=-pass-through=-lgcc] ==> ignore
    arg [-plugin-opt=-pass-through=-lgcc_s] ==> ignore
    arg [--build-id] ==> ignore
    arg [--eh-frame-hdr] ==> ignore
    arg [-m] ==> ignore
    arg [elf_x86_64] ==> ignore
    arg [--hash-style=gnu] ==> ignore
    arg [--as-needed] ==> ignore
    arg [-dynamic-linker] ==> ignore
    arg [/lib64/ld-linux-x86-64.so.2] ==> ignore
    arg [-pie] ==> ignore
    arg [-znow] ==> ignore
    arg [-zrelro] ==> ignore
    arg [-o] ==> ignore
    arg [cmTC_9d575] ==> ignore
    arg [/usr/lib/gcc/x86_64-linux-gnu/12/../../../x86_64-linux-gnu/Scrt1.o] ==> obj [/usr/lib/gcc/x86_64-linux-gnu/12/../../../x86_64-linux-gnu/Scrt1.o]
    arg [/usr/lib/gcc/x86_64-linux-gnu/12/../../../x86_64-linux-gnu/crti.o] ==> obj [/usr/lib/gcc/x86_64-linux-gnu/12/../../../x86_64-linux-gnu/crti.o]
    arg [/usr/lib/gcc/x86_64-linux-gnu/12/crtbeginS.o] ==> obj [/usr/lib/gcc/x86_64-linux-gnu/12/crtbeginS.o]
    arg [-L/opt/intel/oneapi/tbb/2021.11/env/../lib/intel64/gcc4.8/../lib] ==> dir [/opt/intel/oneapi/tbb/2021.11/env/../lib/intel64/gcc4.8/../lib]
    arg [-L/opt/intel/oneapi/mpi/2021.11/lib/../lib] ==> dir [/opt/intel/oneapi/mpi/2021.11/lib/../lib]
    arg [-L/opt/intel/oneapi/dpl/2022.3/lib/../lib] ==> dir [/opt/intel/oneapi/dpl/2022.3/lib/../lib]
    arg [-L/opt/intel/oneapi/dnnl/2023.2.0/cpu_dpcpp_gpu_dpcpp/lib/../lib] ==> dir [/opt/intel/oneapi/dnnl/2023.2.0/cpu_dpcpp_gpu_dpcpp/lib/../lib]
    arg [-L/opt/intel/oneapi/compiler/2024.0/lib/../lib] ==> dir [/opt/intel/oneapi/compiler/2024.0/lib/../lib]
    arg [-L/usr/lib/gcc/x86_64-linux-gnu/12] ==> dir [/usr/lib/gcc/x86_64-linux-gnu/12]
    arg [-L/usr/lib/gcc/x86_64-linux-gnu/12/../../../x86_64-linux-gnu] ==> dir [/usr/lib/gcc/x86_64-linux-gnu/12/../../../x86_64-linux-gnu]
    arg [-L/usr/lib/gcc/x86_64-linux-gnu/12/../../../../lib] ==> dir [/usr/lib/gcc/x86_64-linux-gnu/12/../../../../lib]
    arg [-L/lib/x86_64-linux-gnu] ==> dir [/lib/x86_64-linux-gnu]
    arg [-L/lib/../lib] ==> dir [/lib/../lib]
    arg [-L/usr/lib/x86_64-linux-gnu] ==> dir [/usr/lib/x86_64-linux-gnu]
    arg [-L/usr/lib/../lib] ==> dir [/usr/lib/../lib]
    arg [-L/opt/intel/oneapi/tbb/2021.11/env/../lib/intel64/gcc4.8] ==> dir [/opt/intel/oneapi/tbb/2021.11/env/../lib/intel64/gcc4.8]
    arg [-L/opt/intel/oneapi/mpi/2021.11/lib] ==> dir [/opt/intel/oneapi/mpi/2021.11/lib]
    arg [-L/opt/intel/oneapi/mkl/2023.2.0/lib/intel64] ==> dir [/opt/intel/oneapi/mkl/2023.2.0/lib/intel64]
    arg [-L/opt/intel/oneapi/ippcp/2021.8.0/lib/intel64] ==> dir [/opt/intel/oneapi/ippcp/2021.8.0/lib/intel64]
    arg [-L/opt/intel/oneapi/ipp/2021.9.0/lib/intel64] ==> dir [/opt/intel/oneapi/ipp/2021.9.0/lib/intel64]
    arg [-L/opt/intel/oneapi/dpl/2022.3/lib] ==> dir [/opt/intel/oneapi/dpl/2022.3/lib]
    arg [-L/opt/intel/oneapi/dnnl/2023.2.0/cpu_dpcpp_gpu_dpcpp/lib] ==> dir [/opt/intel/oneapi/dnnl/2023.2.0/cpu_dpcpp_gpu_dpcpp/lib]
    arg [-L/opt/intel/oneapi/dal/2023.2.0/lib/intel64] ==> dir [/opt/intel/oneapi/dal/2023.2.0/lib/intel64]
    arg [-L/opt/intel/oneapi/compiler/2024.0/lib] ==> dir [/opt/intel/oneapi/compiler/2024.0/lib]
    arg [-L/opt/intel/oneapi/ccl/2021.10.0/lib/cpu_gpu_dpcpp] ==> dir [/opt/intel/oneapi/ccl/2021.10.0/lib/cpu_gpu_dpcpp]
    arg [-L/opt/intel/oneapi/intelpython/latest/envs/2023.2.0/lib/libfabric] ==> dir [/opt/intel/oneapi/intelpython/latest/envs/2023.2.0/lib/libfabric]
    arg [-L/usr/lib/gcc/x86_64-linux-gnu/12/../../..] ==> dir [/usr/lib/gcc/x86_64-linux-gnu/12/../../..]
    arg [CMakeFiles/cmTC_9d575.dir/CMakeCCompilerABI.c.o] ==> ignore
    arg [-lgcc] ==> lib [gcc]
    arg [--push-state] ==> ignore
    arg [--as-needed] ==> ignore
    arg [-lgcc_s] ==> lib [gcc_s]
    arg [--pop-state] ==> ignore
    arg [-lc] ==> lib [c]
    arg [-lgcc] ==> lib [gcc]
    arg [--push-state] ==> ignore
    arg [--as-needed] ==> ignore
    arg [-lgcc_s] ==> lib [gcc_s]
    arg [--pop-state] ==> ignore
    arg [/usr/lib/gcc/x86_64-linux-gnu/12/crtendS.o] ==> obj [/usr/lib/gcc/x86_64-linux-gnu/12/crtendS.o]
    arg [/usr/lib/gcc/x86_64-linux-gnu/12/../../../x86_64-linux-gnu/crtn.o] ==> obj [/usr/lib/gcc/x86_64-linux-gnu/12/../../../x86_64-linux-gnu/crtn.o]
  collapse obj [/usr/lib/gcc/x86_64-linux-gnu/12/../../../x86_64-linux-gnu/Scrt1.o] ==> [/usr/lib/x86_64-linux-gnu/Scrt1.o]
  collapse obj [/usr/lib/gcc/x86_64-linux-gnu/12/../../../x86_64-linux-gnu/crti.o] ==> [/usr/lib/x86_64-linux-gnu/crti.o]
  collapse obj [/usr/lib/gcc/x86_64-linux-gnu/12/../../../x86_64-linux-gnu/crtn.o] ==> [/usr/lib/x86_64-linux-gnu/crtn.o]
  collapse library dir [/opt/intel/oneapi/tbb/2021.11/env/../lib/intel64/gcc4.8/../lib] ==> [/opt/intel/oneapi/tbb/2021.11/lib/intel64/lib]
  collapse library dir [/opt/intel/oneapi/mpi/2021.11/lib/../lib] ==> [/opt/intel/oneapi/mpi/2021.11/lib]
  collapse library dir [/opt/intel/oneapi/dpl/2022.3/lib/../lib] ==> [/opt/intel/oneapi/dpl/2022.3/lib]
  collapse library dir [/opt/intel/oneapi/dnnl/2023.2.0/cpu_dpcpp_gpu_dpcpp/lib/../lib] ==> [/opt/intel/oneapi/dnnl/2023.2.0/cpu_dpcpp_gpu_dpcpp/lib]
  collapse library dir [/opt/intel/oneapi/compiler/2024.0/lib/../lib] ==> [/opt/intel/oneapi/compiler/2024.0/lib]
  collapse library dir [/usr/lib/gcc/x86_64-linux-gnu/12] ==> [/usr/lib/gcc/x86_64-linux-gnu/12]
  collapse library dir [/usr/lib/gcc/x86_64-linux-gnu/12/../../../x86_64-linux-gnu] ==> [/usr/lib/x86_64-linux-gnu]
  collapse library dir [/usr/lib/gcc/x86_64-linux-gnu/12/../../../../lib] ==> [/usr/lib]
  collapse library dir [/lib/x86_64-linux-gnu] ==> [/lib/x86_64-linux-gnu]
  collapse library dir [/lib/../lib] ==> [/lib]
  collapse library dir [/usr/lib/x86_64-linux-gnu] ==> [/usr/lib/x86_64-linux-gnu]
  collapse library dir [/usr/lib/../lib] ==> [/usr/lib]
  collapse library dir [/opt/intel/oneapi/tbb/2021.11/env/../lib/intel64/gcc4.8] ==> [/opt/intel/oneapi/tbb/2021.11/lib/intel64/gcc4.8]
  collapse library dir [/opt/intel/oneapi/mpi/2021.11/lib] ==> [/opt/intel/oneapi/mpi/2021.11/lib]
  collapse library dir [/opt/intel/oneapi/mkl/2023.2.0/lib/intel64] ==> [/opt/intel/oneapi/mkl/2023.2.0/lib/intel64]
  collapse library dir [/opt/intel/oneapi/ippcp/2021.8.0/lib/intel64] ==> [/opt/intel/oneapi/ippcp/2021.8.0/lib/intel64]
  collapse library dir [/opt/intel/oneapi/ipp/2021.9.0/lib/intel64] ==> [/opt/intel/oneapi/ipp/2021.9.0/lib/intel64]
  collapse library dir [/opt/intel/oneapi/dpl/2022.3/lib] ==> [/opt/intel/oneapi/dpl/2022.3/lib]
  collapse library dir [/opt/intel/oneapi/dnnl/2023.2.0/cpu_dpcpp_gpu_dpcpp/lib] ==> [/opt/intel/oneapi/dnnl/2023.2.0/cpu_dpcpp_gpu_dpcpp/lib]
  collapse library dir [/opt/intel/oneapi/dal/2023.2.0/lib/intel64] ==> [/opt/intel/oneapi/dal/2023.2.0/lib/intel64]
  collapse library dir [/opt/intel/oneapi/compiler/2024.0/lib] ==> [/opt/intel/oneapi/compiler/2024.0/lib]
  collapse library dir [/opt/intel/oneapi/ccl/2021.10.0/lib/cpu_gpu_dpcpp] ==> [/opt/intel/oneapi/ccl/2021.10.0/lib/cpu_gpu_dpcpp]
  collapse library dir [/opt/intel/oneapi/intelpython/latest/envs/2023.2.0/lib/libfabric] ==> [/opt/intel/oneapi/intelpython/latest/envs/2023.2.0/lib/libfabric]
  collapse library dir [/usr/lib/gcc/x86_64-linux-gnu/12/../../..] ==> [/usr/lib]
  implicit libs: [gcc;gcc_s;c;gcc;gcc_s]
  implicit objs: [/usr/lib/x86_64-linux-gnu/Scrt1.o;/usr/lib/x86_64-linux-gnu/crti.o;/usr/lib/gcc/x86_64-linux-gnu/12/crtbeginS.o;/usr/lib/gcc/x86_64-linux-gnu/12/crtendS.o;/usr/lib/x86_64-linux-gnu/crtn.o]
  implicit dirs: [/opt/intel/oneapi/tbb/2021.11/lib/intel64/lib;/opt/intel/oneapi/mpi/2021.11/lib;/opt/intel/oneapi/dpl/2022.3/lib;/opt/intel/oneapi/dnnl/2023.2.0/cpu_dpcpp_gpu_dpcpp/lib;/opt/intel/oneapi/compiler/2024.0/lib;/usr/lib/gcc/x86_64-linux-gnu/12;/usr/lib/x86_64-linux-gnu;/usr/lib;/lib/x86_64-linux-gnu;/lib;/opt/intel/oneapi/tbb/2021.11/lib/intel64/gcc4.8;/opt/intel/oneapi/mkl/2023.2.0/lib/intel64;/opt/intel/oneapi/ippcp/2021.8.0/lib/intel64;/opt/intel/oneapi/ipp/2021.9.0/lib/intel64;/opt/intel/oneapi/dal/2023.2.0/lib/intel64;/opt/intel/oneapi/ccl/2021.10.0/lib/cpu_gpu_dpcpp;/opt/intel/oneapi/intelpython/latest/envs/2023.2.0/lib/libfabric]
  implicit fwks: []


Detecting CXX compiler ABI info compiled with the following output:
Change Dir: /home/kuzmaline/Quantum/QComputations/single/CMakeFiles/CMakeTmp

Run Build Command(s):/usr/bin/gmake -f Makefile cmTC_c8597/fast && /usr/bin/gmake  -f CMakeFiles/cmTC_c8597.dir/build.make CMakeFiles/cmTC_c8597.dir/build
gmake[1]: Entering directory '/home/kuzmaline/Quantum/QComputations/single/CMakeFiles/CMakeTmp'
Building CXX object CMakeFiles/cmTC_c8597.dir/CMakeCXXCompilerABI.cpp.o
/opt/intel/oneapi/compiler/2024.0/bin/icpx   -v -MD -MT CMakeFiles/cmTC_c8597.dir/CMakeCXXCompilerABI.cpp.o -MF CMakeFiles/cmTC_c8597.dir/CMakeCXXCompilerABI.cpp.o.d -o CMakeFiles/cmTC_c8597.dir/CMakeCXXCompilerABI.cpp.o -c /usr/share/cmake-3.22/Modules/CMakeCXXCompilerABI.cpp
Intel(R) oneAPI DPC++/C++ Compiler 2024.0.0 (2024.0.0.20231017)
Target: x86_64-unknown-linux-gnu
Thread model: posix
InstalledDir: /opt/intel/oneapi/compiler/2024.0/bin/compiler
Configuration file: /opt/intel/oneapi/compiler/2024.0/bin/compiler/../icpx.cfg
Found candidate GCC installation: /usr/lib/gcc/x86_64-linux-gnu/11
Found candidate GCC installation: /usr/lib/gcc/x86_64-linux-gnu/12
Selected GCC installation: /usr/lib/gcc/x86_64-linux-gnu/12
Candidate multilib: .;@m64
Selected multilib: .;@m64
Found CUDA installation: /usr/local/cuda, version 
 (in-process)
 "/opt/intel/oneapi/compiler/2024.0/bin/compiler/clang" -cc1 -triple x86_64-unknown-linux-gnu -emit-obj -disable-free -clear-ast-before-backend -disable-llvm-verifier -discard-value-names -main-file-name CMakeCXXCompilerABI.cpp -mrelocation-model static -fveclib=SVML -mframe-pointer=none -menable-no-infs -menable-no-nans -fapprox-func -funsafe-math-optimizations -fno-signed-zeros -mreassociate -freciprocal-math -fdenormal-fp-math=preserve-sign,preserve-sign -ffp-contract=fast -fno-rounding-math -ffast-math -ffinite-math-only -mconstructor-aliases -funwind-tables=2 -target-cpu x86-64 -mllvm -x86-enable-unaligned-vector-move=true -tune-cpu generic -debugger-tuning=gdb -v -fcoverage-compilation-dir=/home/kuzmaline/Quantum/QComputations/single/CMakeFiles/CMakeTmp -resource-dir /opt/intel/oneapi/compiler/2024.0/lib/clang/17 -dependency-file CMakeFiles/cmTC_c8597.dir/CMakeCXXCompilerABI.cpp.o.d -MT CMakeFiles/cmTC_c8597.dir/CMakeCXXCompilerABI.cpp.o -sys-header-deps -canonical-system-headers -I/opt/intel/oneapi/tbb/2021.11/env/../include -I/opt/intel/oneapi/mpi/2021.11/include -I/opt/intel/oneapi/mkl/2023.2.0/include -I/opt/intel/oneapi/ippcp/2021.8.0/include -I/opt/intel/oneapi/ipp/2021.9.0/include -I/opt/intel/oneapi/dpl/2022.3/include -I/opt/intel/oneapi/dpcpp-ct/2023.2.0/include -I/opt/intel/oneapi/dnnl/2023.2.0/cpu_dpcpp_gpu_dpcpp/include -I/opt/intel/oneapi/dev-utilities/2024.0/include -I/opt/intel/oneapi/dal/2023.2.0/include -I/opt/intel/oneapi/compiler/2024.0/opt/oclfpga/include -I/opt/intel/oneapi/ccl/2021.10.0/include/cpu_gpu_dpcpp -internal-isystem /opt/intel/oneapi/compiler/2024.0/bin/compiler/../../opt/compiler/include -internal-isystem /usr/lib/gcc/x86_64-linux-gnu/12/../../../../include/c++/12 -internal-isystem /usr/lib/gcc/x86_64-linux-gnu/12/../../../../include/x86_64-linux-gnu/c++/12 -internal-isystem /usr/lib/gcc/x86_64-linux-gnu/12/../../../../include/c++/12/backward -internal-isystem /opt/intel/oneapi/compiler/2024.0/lib/clang/17/include -internal-isystem /usr/local/include -internal-isystem /usr/lib/gcc/x86_64-linux-gnu/12/../../../../x86_64-linux-gnu/include -internal-externc-isystem /usr/include/x86_64-linux-gnu -internal-externc-isystem /include -internal-externc-isystem /usr/include -O2 -fdeprecated-macro -fdebug-compilation-dir=/home/kuzmaline/Quantum/QComputations/single/CMakeFiles/CMakeTmp -ferror-limit 19 -fheinous-gnu-extensions -fgnuc-version=4.2.1 -fcxx-exceptions -fexceptions -vectorize-loops -vectorize-slp -D__GCC_HAVE_DWARF2_CFI_ASM=1 -fintel-compatibility -fintel-libirc-allowed -mllvm -disable-hir-generate-mkl-call -mllvm -loopopt=1 -floopopt-pipeline=light -mllvm -intel-abi-compatible=true -o CMakeFiles/cmTC_c8597.dir/CMakeCXXCompilerABI.cpp.o -x c++ /usr/share/cmake-3.22/Modules/CMakeCXXCompilerABI.cpp
clang -cc1 version 17.0.0 based upon LLVM 17.0.0git default target x86_64-unknown-linux-gnu
ignoring nonexistent directory "/usr/lib/gcc/x86_64-linux-gnu/12/../../../../x86_64-linux-gnu/include"
ignoring nonexistent directory "/include"
#include "..." search starts here:
#include <...> search starts here:
 /opt/intel/oneapi/tbb/2021.11/env/../include
 /opt/intel/oneapi/mpi/2021.11/include
 /opt/intel/oneapi/mkl/2023.2.0/include
 /opt/intel/oneapi/ippcp/2021.8.0/include
 /opt/intel/oneapi/ipp/2021.9.0/include
 /opt/intel/oneapi/dpl/2022.3/include
 /opt/intel/oneapi/dpcpp-ct/2023.2.0/include
 /opt/intel/oneapi/dnnl/2023.2.0/cpu_dpcpp_gpu_dpcpp/include
 /opt/intel/oneapi/dev-utilities/2024.0/include
 /opt/intel/oneapi/dal/2023.2.0/include
 /opt/intel/oneapi/compiler/2024.0/opt/oclfpga/include
 /opt/intel/oneapi/ccl/2021.10.0/include/cpu_gpu_dpcpp
 /opt/intel/oneapi/compiler/2024.0/bin/compiler/../../opt/compiler/include
 /usr/lib/gcc/x86_64-linux-gnu/12/../../../../include/c++/12
 /usr/lib/gcc/x86_64-linux-gnu/12/../../../../include/x86_64-linux-gnu/c++/12
 /usr/lib/gcc/x86_64-linux-gnu/12/../../../../include/c++/12/backward
 /opt/intel/oneapi/compiler/2024.0/lib/clang/17/include
 /usr/local/include
 /usr/include/x86_64-linux-gnu
 /usr/include
End of search list.
Linking CXX executable cmTC_c8597
/usr/bin/cmake -E cmake_link_script CMakeFiles/cmTC_c8597.dir/link.txt --verbose=1
/opt/intel/oneapi/compiler/2024.0/bin/icpx  -v CMakeFiles/cmTC_c8597.dir/CMakeCXXCompilerABI.cpp.o -o cmTC_c8597 
Intel(R) oneAPI DPC++/C++ Compiler 2024.0.0 (2024.0.0.20231017)
Target: x86_64-unknown-linux-gnu
Thread model: posix
InstalledDir: /opt/intel/oneapi/compiler/2024.0/bin/compiler
Configuration file: /opt/intel/oneapi/compiler/2024.0/bin/compiler/../icpx.cfg
Found candidate GCC installation: /usr/lib/gcc/x86_64-linux-gnu/11
Found candidate GCC installation: /usr/lib/gcc/x86_64-linux-gnu/12
Selected GCC installation: /usr/lib/gcc/x86_64-linux-gnu/12
Candidate multilib: .;@m64
Selected multilib: .;@m64
Found CUDA installation: /usr/local/cuda, version 
 "/usr/bin/ld" -z relro --hash-style=gnu --eh-frame-hdr -m elf_x86_64 -dynamic-linker /lib64/ld-linux-x86-64.so.2 -o cmTC_c8597 /lib/x86_64-linux-gnu/Scrt1.o /lib/x86_64-linux-gnu/crti.o /usr/lib/gcc/x86_64-linux-gnu/12/crtbeginS.o -L/opt/intel/oneapi/compiler/2024.0/bin/compiler/../../lib -L/opt/intel/oneapi/compiler/2024.0/bin/compiler/../../lib -L/opt/intel/oneapi/compiler/2024.0/lib/clang/17/lib/x86_64-unknown-linux-gnu -L/opt/intel/oneapi/compiler/2024.0/bin/compiler/../../lib -L/usr/lib/gcc/x86_64-linux-gnu/12 -L/usr/lib/gcc/x86_64-linux-gnu/12/../../../../lib64 -L/lib/x86_64-linux-gnu -L/lib/../lib64 -L/usr/lib/x86_64-linux-gnu -L/usr/lib/../lib64 -L/usr/lib/gcc/x86_64-linux-gnu/12/../../.. -L/opt/intel/oneapi/compiler/2024.0/bin/compiler/../../lib -L/opt/intel/oneapi/compiler/2024.0/bin/compiler/../../opt/compiler/lib -L/lib -L/usr/lib -L/opt/intel/oneapi/tbb/2021.11/env/../lib/intel64/gcc4.8 -L/opt/intel/oneapi/mpi/2021.11/lib -L/opt/intel/oneapi/mkl/2023.2.0/lib/intel64 -L/opt/intel/oneapi/ippcp/2021.8.0/lib/intel64 -L/opt/intel/oneapi/ipp/2021.9.0/lib/intel64 -L/opt/intel/oneapi/dpl/2022.3/lib -L/opt/intel/oneapi/dnnl/2023.2.0/cpu_dpcpp_gpu_dpcpp/lib -L/opt/intel/oneapi/dal/2023.2.0/lib/intel64 -L/opt/intel/oneapi/compiler/2024.0/lib -L/opt/intel/oneapi/ccl/2021.10.0/lib/cpu_gpu_dpcpp -L/opt/intel/oneapi/intelpython/latest/envs/2023.2.0/lib/libfabric CMakeFiles/cmTC_c8597.dir/CMakeCXXCompilerABI.cpp.o -Bstatic -lsvml -Bdynamic -Bstatic -lirng -Bdynamic -lstdc++ -Bstatic -limf -Bdynamic -lm -lgcc_s -lgcc -Bstatic -lirc -Bdynamic -ldl -lgcc_s -lgcc -lc -lgcc_s -lgcc -Bstatic -lirc_s -Bdynamic /usr/lib/gcc/x86_64-linux-gnu/12/crtendS.o /lib/x86_64-linux-gnu/crtn.o
gmake[1]: Leaving directory '/home/kuzmaline/Quantum/QComputations/single/CMakeFiles/CMakeTmp'



Parsed CXX implicit include dir info from above output: rv=done
  found start of include info
  found start of implicit include info
    add: [/opt/intel/oneapi/tbb/2021.11/env/../include]
    add: [/opt/intel/oneapi/mpi/2021.11/include]
    add: [/opt/intel/oneapi/mkl/2023.2.0/include]
    add: [/opt/intel/oneapi/ippcp/2021.8.0/include]
    add: [/opt/intel/oneapi/ipp/2021.9.0/include]
    add: [/opt/intel/oneapi/dpl/2022.3/include]
    add: [/opt/intel/oneapi/dpcpp-ct/2023.2.0/include]
    add: [/opt/intel/oneapi/dnnl/2023.2.0/cpu_dpcpp_gpu_dpcpp/include]
    add: [/opt/intel/oneapi/dev-utilities/2024.0/include]
    add: [/opt/intel/oneapi/dal/2023.2.0/include]
    add: [/opt/intel/oneapi/compiler/2024.0/opt/oclfpga/include]
    add: [/opt/intel/oneapi/ccl/2021.10.0/include/cpu_gpu_dpcpp]
    add: [/opt/intel/oneapi/compiler/2024.0/bin/compiler/../../opt/compiler/include]
    add: [/usr/lib/gcc/x86_64-linux-gnu/12/../../../../include/c++/12]
    add: [/usr/lib/gcc/x86_64-linux-gnu/12/../../../../include/x86_64-linux-gnu/c++/12]
    add: [/usr/lib/gcc/x86_64-linux-gnu/12/../../../../include/c++/12/backward]
    add: [/opt/intel/oneapi/compiler/2024.0/lib/clang/17/include]
    add: [/usr/local/include]
    add: [/usr/include/x86_64-linux-gnu]
    add: [/usr/include]
  end of search list found
  collapse include dir [/opt/intel/oneapi/tbb/2021.11/env/../include] ==> [/opt/intel/oneapi/tbb/2021.11/include]
  collapse include dir [/opt/intel/oneapi/mpi/2021.11/include] ==> [/opt/intel/oneapi/mpi/2021.11/include]
  collapse include dir [/opt/intel/oneapi/mkl/2023.2.0/include] ==> [/opt/intel/oneapi/mkl/2023.2.0/include]
  collapse include dir [/opt/intel/oneapi/ippcp/2021.8.0/include] ==> [/opt/intel/oneapi/ippcp/2021.8.0/include]
  collapse include dir [/opt/intel/oneapi/ipp/2021.9.0/include] ==> [/opt/intel/oneapi/ipp/2021.9.0/include]
  collapse include dir [/opt/intel/oneapi/dpl/2022.3/include] ==> [/opt/intel/oneapi/dpl/2022.3/include]
  collapse include dir [/opt/intel/oneapi/dpcpp-ct/2023.2.0/include] ==> [/opt/intel/oneapi/dpcpp-ct/2023.2.0/include]
  collapse include dir [/opt/intel/oneapi/dnnl/2023.2.0/cpu_dpcpp_gpu_dpcpp/include] ==> [/opt/intel/oneapi/dnnl/2023.2.0/cpu_dpcpp_gpu_dpcpp/include]
  collapse include dir [/opt/intel/oneapi/dev-utilities/2024.0/include] ==> [/opt/intel/oneapi/dev-utilities/2024.0/include]
  collapse include dir [/opt/intel/oneapi/dal/2023.2.0/include] ==> [/opt/intel/oneapi/dal/2023.2.0/include]
  collapse include dir [/opt/intel/oneapi/compiler/2024.0/opt/oclfpga/include] ==> [/opt/intel/oneapi/compiler/2024.0/opt/oclfpga/include]
  collapse include dir [/opt/intel/oneapi/ccl/2021.10.0/include/cpu_gpu_dpcpp] ==> [/opt/intel/oneapi/ccl/2021.10.0/include/cpu_gpu_dpcpp]
  collapse include dir [/opt/intel/oneapi/compiler/2024.0/bin/compiler/../../opt/compiler/include] ==> [/opt/intel/oneapi/compiler/2024.0/opt/compiler/include]
  collapse include dir [/usr/lib/gcc/x86_64-linux-gnu/12/../../../../include/c++/12] ==> [/usr/include/c++/12]
  collapse include dir [/usr/lib/gcc/x86_64-linux-gnu/12/../../../../include/x86_64-linux-gnu/c++/12] ==> [/usr/include/x86_64-linux-gnu/c++/12]
  collapse include dir [/usr/lib/gcc/x86_64-linux-gnu/12/../../../../include/c++/12/backward] ==> [/usr/include/c++/12/backward]
  collapse include dir [/opt/intel/oneapi/compiler/2024.0/lib/clang/17/include] ==> [/opt/intel/oneapi/compiler/2024.0/lib/clang/17/include]
  collapse include dir [/usr/local/include] ==> [/usr/local/include]
  collapse include dir [/usr/include/x86_64-linux-gnu] ==> [/usr/include/x86_64-linux-gnu]
  collapse include dir [/usr/include] ==> [/usr/include]
  implicit include dirs: [/opt/intel/oneapi/tbb/2021.11/include;/opt/intel/oneapi/mpi/2021.11/include;/opt/intel/oneapi/mkl/2023.2.0/include;/opt/intel/oneapi/ippcp/2021.8.0/include;/opt/intel/oneapi/ipp/2021.9.0/include;/opt/intel/oneapi/dpl/2022.3/include;/opt/intel/oneapi/dpcpp-ct/2023.2.0/include;/opt/intel/oneapi/dnnl/2023.2.0/cpu_dpcpp_gpu_dpcpp/include;/opt/intel/oneapi/dev-utilities/2024.0/include;/opt/intel/oneapi/dal/2023.2.0/include;/opt/intel/oneapi/compiler/2024.0/opt/oclfpga/include;/opt/intel/oneapi/ccl/2021.10.0/include/cpu_gpu_dpcpp;/opt/intel/oneapi/compiler/2024.0/opt/compiler/include;/usr/include/c++/12;/usr/include/x86_64-linux-gnu/c++/12;/usr/include/c++/12/backward;/opt/intel/oneapi/compiler/2024.0/lib/clang/17/include;/usr/local/include;/usr/include/x86_64-linux-gnu;/usr/include]


Parsed CXX implicit link information from above output:
  link line regex: [^( *|.*[/\])(ld|CMAKE_LINK_STARTFILE-NOTFOUND|([^/\]+-)?ld|collect2)[^/\]*( |$)]
  ignore line: [Change Dir: /home/kuzmaline/Quantum/QComputations/single/CMakeFiles/CMakeTmp]
  ignore line: []
  ignore line: [Run Build Command(s):/usr/bin/gmake -f Makefile cmTC_c8597/fast && /usr/bin/gmake  -f CMakeFiles/cmTC_c8597.dir/build.make CMakeFiles/cmTC_c8597.dir/build]
  ignore line: [gmake[1]: Entering directory '/home/kuzmaline/Quantum/QComputations/single/CMakeFiles/CMakeTmp']
  ignore line: [Building CXX object CMakeFiles/cmTC_c8597.dir/CMakeCXXCompilerABI.cpp.o]
  ignore line: [/opt/intel/oneapi/compiler/2024.0/bin/icpx   -v -MD -MT CMakeFiles/cmTC_c8597.dir/CMakeCXXCompilerABI.cpp.o -MF CMakeFiles/cmTC_c8597.dir/CMakeCXXCompilerABI.cpp.o.d -o CMakeFiles/cmTC_c8597.dir/CMakeCXXCompilerABI.cpp.o -c /usr/share/cmake-3.22/Modules/CMakeCXXCompilerABI.cpp]
  ignore line: [Intel(R) oneAPI DPC++/C++ Compiler 2024.0.0 (2024.0.0.20231017)]
  ignore line: [Target: x86_64-unknown-linux-gnu]
  ignore line: [Thread model: posix]
  ignore line: [InstalledDir: /opt/intel/oneapi/compiler/2024.0/bin/compiler]
  ignore line: [Configuration file: /opt/intel/oneapi/compiler/2024.0/bin/compiler/../icpx.cfg]
  ignore line: [Found candidate GCC installation: /usr/lib/gcc/x86_64-linux-gnu/11]
  ignore line: [Found candidate GCC installation: /usr/lib/gcc/x86_64-linux-gnu/12]
  ignore line: [Selected GCC installation: /usr/lib/gcc/x86_64-linux-gnu/12]
  ignore line: [Candidate multilib: .]
  ignore line: [@m64]
  ignore line: [Selected multilib: .]
  ignore line: [@m64]
  ignore line: [Found CUDA installation: /usr/local/cuda  version ]
  ignore line: [ (in-process)]
  ignore line: [ "/opt/intel/oneapi/compiler/2024.0/bin/compiler/clang" -cc1 -triple x86_64-unknown-linux-gnu -emit-obj -disable-free -clear-ast-before-backend -disable-llvm-verifier -discard-value-names -main-file-name CMakeCXXCompilerABI.cpp -mrelocation-model static -fveclib=SVML -mframe-pointer=none -menable-no-infs -menable-no-nans -fapprox-func -funsafe-math-optimizations -fno-signed-zeros -mreassociate -freciprocal-math -fdenormal-fp-math=preserve-sign preserve-sign -ffp-contract=fast -fno-rounding-math -ffast-math -ffinite-math-only -mconstructor-aliases -funwind-tables=2 -target-cpu x86-64 -mllvm -x86-enable-unaligned-vector-move=true -tune-cpu generic -debugger-tuning=gdb -v -fcoverage-compilation-dir=/home/kuzmaline/Quantum/QComputations/single/CMakeFiles/CMakeTmp -resource-dir /opt/intel/oneapi/compiler/2024.0/lib/clang/17 -dependency-file CMakeFiles/cmTC_c8597.dir/CMakeCXXCompilerABI.cpp.o.d -MT CMakeFiles/cmTC_c8597.dir/CMakeCXXCompilerABI.cpp.o -sys-header-deps -canonical-system-headers -I/opt/intel/oneapi/tbb/2021.11/env/../include -I/opt/intel/oneapi/mpi/2021.11/include -I/opt/intel/oneapi/mkl/2023.2.0/include -I/opt/intel/oneapi/ippcp/2021.8.0/include -I/opt/intel/oneapi/ipp/2021.9.0/include -I/opt/intel/oneapi/dpl/2022.3/include -I/opt/intel/oneapi/dpcpp-ct/2023.2.0/include -I/opt/intel/oneapi/dnnl/2023.2.0/cpu_dpcpp_gpu_dpcpp/include -I/opt/intel/oneapi/dev-utilities/2024.0/include -I/opt/intel/oneapi/dal/2023.2.0/include -I/opt/intel/oneapi/compiler/2024.0/opt/oclfpga/include -I/opt/intel/oneapi/ccl/2021.10.0/include/cpu_gpu_dpcpp -internal-isystem /opt/intel/oneapi/compiler/2024.0/bin/compiler/../../opt/compiler/include -internal-isystem /usr/lib/gcc/x86_64-linux-gnu/12/../../../../include/c++/12 -internal-isystem /usr/lib/gcc/x86_64-linux-gnu/12/../../../../include/x86_64-linux-gnu/c++/12 -internal-isystem /usr/lib/gcc/x86_64-linux-gnu/12/../../../../include/c++/12/backward -internal-isystem /opt/intel/oneapi/compiler/2024.0/lib/clang/17/include -internal-isystem /usr/local/include -internal-isystem /usr/lib/gcc/x86_64-linux-gnu/12/../../../../x86_64-linux-gnu/include -internal-externc-isystem /usr/include/x86_64-linux-gnu -internal-externc-isystem /include -internal-externc-isystem /usr/include -O2 -fdeprecated-macro -fdebug-compilation-dir=/home/kuzmaline/Quantum/QComputations/single/CMakeFiles/CMakeTmp -ferror-limit 19 -fheinous-gnu-extensions -fgnuc-version=4.2.1 -fcxx-exceptions -fexceptions -vectorize-loops -vectorize-slp -D__GCC_HAVE_DWARF2_CFI_ASM=1 -fintel-compatibility -fintel-libirc-allowed -mllvm -disable-hir-generate-mkl-call -mllvm -loopopt=1 -floopopt-pipeline=light -mllvm -intel-abi-compatible=true -o CMakeFiles/cmTC_c8597.dir/CMakeCXXCompilerABI.cpp.o -x c++ /usr/share/cmake-3.22/Modules/CMakeCXXCompilerABI.cpp]
  ignore line: [clang -cc1 version 17.0.0 based upon LLVM 17.0.0git default target x86_64-unknown-linux-gnu]
  ignore line: [ignoring nonexistent directory "/usr/lib/gcc/x86_64-linux-gnu/12/../../../../x86_64-linux-gnu/include"]
  ignore line: [ignoring nonexistent directory "/include"]
  ignore line: [#include "..." search starts here:]
  ignore line: [#include <...> search starts here:]
  ignore line: [ /opt/intel/oneapi/tbb/2021.11/env/../include]
  ignore line: [ /opt/intel/oneapi/mpi/2021.11/include]
  ignore line: [ /opt/intel/oneapi/mkl/2023.2.0/include]
  ignore line: [ /opt/intel/oneapi/ippcp/2021.8.0/include]
  ignore line: [ /opt/intel/oneapi/ipp/2021.9.0/include]
  ignore line: [ /opt/intel/oneapi/dpl/2022.3/include]
  ignore line: [ /opt/intel/oneapi/dpcpp-ct/2023.2.0/include]
  ignore line: [ /opt/intel/oneapi/dnnl/2023.2.0/cpu_dpcpp_gpu_dpcpp/include]
  ignore line: [ /opt/intel/oneapi/dev-utilities/2024.0/include]
  ignore line: [ /opt/intel/oneapi/dal/2023.2.0/include]
  ignore line: [ /opt/intel/oneapi/compiler/2024.0/opt/oclfpga/include]
  ignore line: [ /opt/intel/oneapi/ccl/2021.10.0/include/cpu_gpu_dpcpp]
  ignore line: [ /opt/intel/oneapi/compiler/2024.0/bin/compiler/../../opt/compiler/include]
  ignore line: [ /usr/lib/gcc/x86_64-linux-gnu/12/../../../../include/c++/12]
  ignore line: [ /usr/lib/gcc/x86_64-linux-gnu/12/../../../../include/x86_64-linux-gnu/c++/12]
  ignore line: [ /usr/lib/gcc/x86_64-linux-gnu/12/../../../../include/c++/12/backward]
  ignore line: [ /opt/intel/oneapi/compiler/2024.0/lib/clang/17/include]
  ignore line: [ /usr/local/include]
  ignore line: [ /usr/include/x86_64-linux-gnu]
  ignore line: [ /usr/include]
  ignore line: [End of search list.]
  ignore line: [Linking CXX executable cmTC_c8597]
  ignore line: [/usr/bin/cmake -E cmake_link_script CMakeFiles/cmTC_c8597.dir/link.txt --verbose=1]
  ignore line: [/opt/intel/oneapi/compiler/2024.0/bin/icpx  -v CMakeFiles/cmTC_c8597.dir/CMakeCXXCompilerABI.cpp.o -o cmTC_c8597 ]
  ignore line: [Intel(R) oneAPI DPC++/C++ Compiler 2024.0.0 (2024.0.0.20231017)]
  ignore line: [Target: x86_64-unknown-linux-gnu]
  ignore line: [Thread model: posix]
  ignore line: [InstalledDir: /opt/intel/oneapi/compiler/2024.0/bin/compiler]
  ignore line: [Configuration file: /opt/intel/oneapi/compiler/2024.0/bin/compiler/../icpx.cfg]
  ignore line: [Found candidate GCC installation: /usr/lib/gcc/x86_64-linux-gnu/11]
  ignore line: [Found candidate GCC installation: /usr/lib/gcc/x86_64-linux-gnu/12]
  ignore line: [Selected GCC installation: /usr/lib/gcc/x86_64-linux-gnu/12]
  ignore line: [Candidate multilib: .]
  ignore line: [@m64]
  ignore line: [Selected multilib: .]
  ignore line: [@m64]
  ignore line: [Found CUDA installation: /usr/local/cuda  version ]
  link line: [ "/usr/bin/ld" -z relro --hash-style=gnu --eh-frame-hdr -m elf_x86_64 -dynamic-linker /lib64/ld-linux-x86-64.so.2 -o cmTC_c8597 /lib/x86_64-linux-gnu/Scrt1.o /lib/x86_64-linux-gnu/crti.o /usr/lib/gcc/x86_64-linux-gnu/12/crtbeginS.o -L/opt/intel/oneapi/compiler/2024.0/bin/compiler/../../lib -L/opt/intel/oneapi/compiler/2024.0/bin/compiler/../../lib -L/opt/intel/oneapi/compiler/2024.0/lib/clang/17/lib/x86_64-unknown-linux-gnu -L/opt/intel/oneapi/compiler/2024.0/bin/compiler/../../lib -L/usr/lib/gcc/x86_64-linux-gnu/12 -L/usr/lib/gcc/x86_64-linux-gnu/12/../../../../lib64 -L/lib/x86_64-linux-gnu -L/lib/../lib64 -L/usr/lib/x86_64-linux-gnu -L/usr/lib/../lib64 -L/usr/lib/gcc/x86_64-linux-gnu/12/../../.. -L/opt/intel/oneapi/compiler/2024.0/bin/compiler/../../lib -L/opt/intel/oneapi/compiler/2024.0/bin/compiler/../../opt/compiler/lib -L/lib -L/usr/lib -L/opt/intel/oneapi/tbb/2021.11/env/../lib/intel64/gcc4.8 -L/opt/intel/oneapi/mpi/2021.11/lib -L/opt/intel/oneapi/mkl/2023.2.0/lib/intel64 -L/opt/intel/oneapi/ippcp/2021.8.0/lib/intel64 -L/opt/intel/oneapi/ipp/2021.9.0/lib/intel64 -L/opt/intel/oneapi/dpl/2022.3/lib -L/opt/intel/oneapi/dnnl/2023.2.0/cpu_dpcpp_gpu_dpcpp/lib -L/opt/intel/oneapi/dal/2023.2.0/lib/intel64 -L/opt/intel/oneapi/compiler/2024.0/lib -L/opt/intel/oneapi/ccl/2021.10.0/lib/cpu_gpu_dpcpp -L/opt/intel/oneapi/intelpython/latest/envs/2023.2.0/lib/libfabric CMakeFiles/cmTC_c8597.dir/CMakeCXXCompilerABI.cpp.o -Bstatic -lsvml -Bdynamic -Bstatic -lirng -Bdynamic -lstdc++ -Bstatic -limf -Bdynamic -lm -lgcc_s -lgcc -Bstatic -lirc -Bdynamic -ldl -lgcc_s -lgcc -lc -lgcc_s -lgcc -Bstatic -lirc_s -Bdynamic /usr/lib/gcc/x86_64-linux-gnu/12/crtendS.o /lib/x86_64-linux-gnu/crtn.o]
    arg [/usr/bin/ld] ==> ignore
    arg [-zrelro] ==> ignore
    arg [--hash-style=gnu] ==> ignore
    arg [--eh-frame-hdr] ==> ignore
    arg [-m] ==> ignore
    arg [elf_x86_64] ==> ignore
    arg [-dynamic-linker] ==> ignore
    arg [/lib64/ld-linux-x86-64.so.2] ==> ignore
    arg [-o] ==> ignore
    arg [cmTC_c8597] ==> ignore
    arg [/lib/x86_64-linux-gnu/Scrt1.o] ==> obj [/lib/x86_64-linux-gnu/Scrt1.o]
    arg [/lib/x86_64-linux-gnu/crti.o] ==> obj [/lib/x86_64-linux-gnu/crti.o]
    arg [/usr/lib/gcc/x86_64-linux-gnu/12/crtbeginS.o] ==> obj [/usr/lib/gcc/x86_64-linux-gnu/12/crtbeginS.o]
    arg [-L/opt/intel/oneapi/compiler/2024.0/bin/compiler/../../lib] ==> dir [/opt/intel/oneapi/compiler/2024.0/bin/compiler/../../lib]
    arg [-L/opt/intel/oneapi/compiler/2024.0/bin/compiler/../../lib] ==> dir [/opt/intel/oneapi/compiler/2024.0/bin/compiler/../../lib]
    arg [-L/opt/intel/oneapi/compiler/2024.0/lib/clang/17/lib/x86_64-unknown-linux-gnu] ==> dir [/opt/intel/oneapi/compiler/2024.0/lib/clang/17/lib/x86_64-unknown-linux-gnu]
    arg [-L/opt/intel/oneapi/compiler/2024.0/bin/compiler/../../lib] ==> dir [/opt/intel/oneapi/compiler/2024.0/bin/compiler/../../lib]
    arg [-L/usr/lib/gcc/x86_64-linux-gnu/12] ==> dir [/usr/lib/gcc/x86_64-linux-gnu/12]
    arg [-L/usr/lib/gcc/x86_64-linux-gnu/12/../../../../lib64] ==> dir [/usr/lib/gcc/x86_64-linux-gnu/12/../../../../lib64]
    arg [-L/lib/x86_64-linux-gnu] ==> dir [/lib/x86_64-linux-gnu]
    arg [-L/lib/../lib64] ==> dir [/lib/../lib64]
    arg [-L/usr/lib/x86_64-linux-gnu] ==> dir [/usr/lib/x86_64-linux-gnu]
    arg [-L/usr/lib/../lib64] ==> dir [/usr/lib/../lib64]
    arg [-L/usr/lib/gcc/x86_64-linux-gnu/12/../../..] ==> dir [/usr/lib/gcc/x86_64-linux-gnu/12/../../..]
    arg [-L/opt/intel/oneapi/compiler/2024.0/bin/compiler/../../lib] ==> dir [/opt/intel/oneapi/compiler/2024.0/bin/compiler/../../lib]
    arg [-L/opt/intel/oneapi/compiler/2024.0/bin/compiler/../../opt/compiler/lib] ==> dir [/opt/intel/oneapi/compiler/2024.0/bin/compiler/../../opt/compiler/lib]
    arg [-L/lib] ==> dir [/lib]
    arg [-L/usr/lib] ==> dir [/usr/lib]
    arg [-L/opt/intel/oneapi/tbb/2021.11/env/../lib/intel64/gcc4.8] ==> dir [/opt/intel/oneapi/tbb/2021.11/env/../lib/intel64/gcc4.8]
    arg [-L/opt/intel/oneapi/mpi/2021.11/lib] ==> dir [/opt/intel/oneapi/mpi/2021.11/lib]
    arg [-L/opt/intel/oneapi/mkl/2023.2.0/lib/intel64] ==> dir [/opt/intel/oneapi/mkl/2023.2.0/lib/intel64]
    arg [-L/opt/intel/oneapi/ippcp/2021.8.0/lib/intel64] ==> dir [/opt/intel/oneapi/ippcp/2021.8.0/lib/intel64]
    arg [-L/opt/intel/oneapi/ipp/2021.9.0/lib/intel64] ==> dir [/opt/intel/oneapi/ipp/2021.9.0/lib/intel64]
    arg [-L/opt/intel/oneapi/dpl/2022.3/lib] ==> dir [/opt/intel/oneapi/dpl/2022.3/lib]
    arg [-L/opt/intel/oneapi/dnnl/2023.2.0/cpu_dpcpp_gpu_dpcpp/lib] ==> dir [/opt/intel/oneapi/dnnl/2023.2.0/cpu_dpcpp_gpu_dpcpp/lib]
    arg [-L/opt/intel/oneapi/dal/2023.2.0/lib/intel64] ==> dir [/opt/intel/oneapi/dal/2023.2.0/lib/intel64]
    arg [-L/opt/intel/oneapi/compiler/2024.0/lib] ==> dir [/opt/intel/oneapi/compiler/2024.0/lib]
    arg [-L/opt/intel/oneapi/ccl/2021.10.0/lib/cpu_gpu_dpcpp] ==> dir [/opt/intel/oneapi/ccl/2021.10.0/lib/cpu_gpu_dpcpp]
    arg [-L/opt/intel/oneapi/intelpython/latest/envs/2023.2.0/lib/libfabric] ==> dir [/opt/intel/oneapi/intelpython/latest/envs/2023.2.0/lib/libfabric]
    arg [CMakeFiles/cmTC_c8597.dir/CMakeCXXCompilerABI.cpp.o] ==> ignore
    arg [-Bstatic] ==> search static
    arg [-lsvml] ==> lib [svml]
    arg [-Bdynamic] ==> search dynamic
    arg [-Bstatic] ==> search static
    arg [-lirng] ==> lib [irng]
    arg [-Bdynamic] ==> search dynamic
    arg [-lstdc++] ==> lib [stdc++]
    arg [-Bstatic] ==> search static
    arg [-limf] ==> lib [imf]
    arg [-Bdynamic] ==> search dynamic
    arg [-lm] ==> lib [m]
    arg [-lgcc_s] ==> lib [gcc_s]
    arg [-lgcc] ==> lib [gcc]
    arg [-Bstatic] ==> search static
    arg [-lirc] ==> lib [irc]
    arg [-Bdynamic] ==> search dynamic
    arg [-ldl] ==> lib [dl]
    arg [-lgcc_s] ==> lib [gcc_s]
    arg [-lgcc] ==> lib [gcc]
    arg [-lc] ==> lib [c]
    arg [-lgcc_s] ==> lib [gcc_s]
    arg [-lgcc] ==> lib [gcc]
    arg [-Bstatic] ==> search static
    arg [-lirc_s] ==> lib [irc_s]
    arg [-Bdynamic] ==> search dynamic
    arg [/usr/lib/gcc/x86_64-linux-gnu/12/crtendS.o] ==> obj [/usr/lib/gcc/x86_64-linux-gnu/12/crtendS.o]
    arg [/lib/x86_64-linux-gnu/crtn.o] ==> obj [/lib/x86_64-linux-gnu/crtn.o]
  collapse library dir [/opt/intel/oneapi/compiler/2024.0/bin/compiler/../../lib] ==> [/opt/intel/oneapi/compiler/2024.0/lib]
  collapse library dir [/opt/intel/oneapi/compiler/2024.0/bin/compiler/../../lib] ==> [/opt/intel/oneapi/compiler/2024.0/lib]
  collapse library dir [/opt/intel/oneapi/compiler/2024.0/lib/clang/17/lib/x86_64-unknown-linux-gnu] ==> [/opt/intel/oneapi/compiler/2024.0/lib/clang/17/lib/x86_64-unknown-linux-gnu]
  collapse library dir [/opt/intel/oneapi/compiler/2024.0/bin/compiler/../../lib] ==> [/opt/intel/oneapi/compiler/2024.0/lib]
  collapse library dir [/usr/lib/gcc/x86_64-linux-gnu/12] ==> [/usr/lib/gcc/x86_64-linux-gnu/12]
  collapse library dir [/usr/lib/gcc/x86_64-linux-gnu/12/../../../../lib64] ==> [/usr/lib64]
  collapse library dir [/lib/x86_64-linux-gnu] ==> [/lib/x86_64-linux-gnu]
  collapse library dir [/lib/../lib64] ==> [/lib64]
  collapse library dir [/usr/lib/x86_64-linux-gnu] ==> [/usr/lib/x86_64-linux-gnu]
  collapse library dir [/usr/lib/../lib64] ==> [/usr/lib64]
  collapse library dir [/usr/lib/gcc/x86_64-linux-gnu/12/../../..] ==> [/usr/lib]
  collapse library dir [/opt/intel/oneapi/compiler/2024.0/bin/compiler/../../lib] ==> [/opt/intel/oneapi/compiler/2024.0/lib]
  collapse library dir [/opt/intel/oneapi/compiler/2024.0/bin/compiler/../../opt/compiler/lib] ==> [/opt/intel/oneapi/compiler/2024.0/opt/compiler/lib]
  collapse library dir [/lib] ==> [/lib]
  collapse library dir [/usr/lib] ==> [/usr/lib]
  collapse library dir [/opt/intel/oneapi/tbb/2021.11/env/../lib/intel64/gcc4.8] ==> [/opt/intel/oneapi/tbb/2021.11/lib/intel64/gcc4.8]
  collapse library dir [/opt/intel/oneapi/mpi/2021.11/lib] ==> [/opt/intel/oneapi/mpi/2021.11/lib]
  collapse library dir [/opt/intel/oneapi/mkl/2023.2.0/lib/intel64] ==> [/opt/intel/oneapi/mkl/2023.2.0/lib/intel64]
  collapse library dir [/opt/intel/oneapi/ippcp/2021.8.0/lib/intel64] ==> [/opt/intel/oneapi/ippcp/2021.8.0/lib/intel64]
  collapse library dir [/opt/intel/oneapi/ipp/2021.9.0/lib/intel64] ==> [/opt/intel/oneapi/ipp/2021.9.0/lib/intel64]
  collapse library dir [/opt/intel/oneapi/dpl/2022.3/lib] ==> [/opt/intel/oneapi/dpl/2022.3/lib]
  collapse library dir [/opt/intel/oneapi/dnnl/2023.2.0/cpu_dpcpp_gpu_dpcpp/lib] ==> [/opt/intel/oneapi/dnnl/2023.2.0/cpu_dpcpp_gpu_dpcpp/lib]
  collapse library dir [/opt/intel/oneapi/dal/2023.2.0/lib/intel64] ==> [/opt/intel/oneapi/dal/2023.2.0/lib/intel64]
  collapse library dir [/opt/intel/oneapi/compiler/2024.0/lib] ==> [/opt/intel/oneapi/compiler/2024.0/lib]
  collapse library dir [/opt/intel/oneapi/ccl/2021.10.0/lib/cpu_gpu_dpcpp] ==> [/opt/intel/oneapi/ccl/2021.10.0/lib/cpu_gpu_dpcpp]
  collapse library dir [/opt/intel/oneapi/intelpython/latest/envs/2023.2.0/lib/libfabric] ==> [/opt/intel/oneapi/intelpython/latest/envs/2023.2.0/lib/libfabric]
  implicit libs: [svml;irng;stdc++;imf;m;gcc_s;gcc;irc;dl;gcc_s;gcc;c;gcc_s;gcc;irc_s]
  implicit objs: [/lib/x86_64-linux-gnu/Scrt1.o;/lib/x86_64-linux-gnu/crti.o;/usr/lib/gcc/x86_64-linux-gnu/12/crtbeginS.o;/usr/lib/gcc/x86_64-linux-gnu/12/crtendS.o;/lib/x86_64-linux-gnu/crtn.o]
  implicit dirs: [/opt/intel/oneapi/compiler/2024.0/lib;/opt/intel/oneapi/compiler/2024.0/lib/clang/17/lib/x86_64-unknown-linux-gnu;/usr/lib/gcc/x86_64-linux-gnu/12;/usr/lib64;/lib/x86_64-linux-gnu;/lib64;/usr/lib/x86_64-linux-gnu;/usr/lib;/opt/intel/oneapi/compiler/2024.0/opt/compiler/lib;/lib;/opt/intel/oneapi/tbb/2021.11/lib/intel64/gcc4.8;/opt/intel/oneapi/mpi/2021.11/lib;/opt/intel/oneapi/mkl/2023.2.0/lib/intel64;/opt/intel/oneapi/ippcp/2021.8.0/lib/intel64;/opt/intel/oneapi/ipp/2021.9.0/lib/intel64;/opt/intel/oneapi/dpl/2022.3/lib;/opt/intel/oneapi/dnnl/2023.2.0/cpu_dpcpp_gpu_dpcpp/lib;/opt/intel/oneapi/dal/2023.2.0/lib/intel64;/opt/intel/oneapi/ccl/2021.10.0/lib/cpu_gpu_dpcpp;/opt/intel/oneapi/intelpython/latest/envs/2023.2.0/lib/libfabric]
  implicit fwks: []


